<?xml version="1.0" encoding="UTF-8"?>
<testng-results ignored="0" total="1" passed="1" failed="0" skipped="0">
  <reporter-output>
  </reporter-output>
  <suite started-at="2021-07-09T20:17:40 IST" name="Command line suite" finished-at="2021-07-09T20:17:54 IST" duration-ms="13634">
    <groups>
    </groups>
    <test started-at="2021-07-09T20:17:40 IST" name="Command line test" finished-at="2021-07-09T20:17:54 IST" duration-ms="13634">
      <class name="loginpagetest.TestLoginPage">
        <test-method is-config="true" signature="setup()[pri:0, instance:loginpagetest.TestLoginPage@706a04ae]" started-at="2021-07-09T20:17:40 IST" name="setup" finished-at="2021-07-09T20:17:44 IST" duration-ms="3724" status="PASS">
          <reporter-output>
          </reporter-output>
        </test-method> <!-- setup -->
        <test-method is-config="true" signature="goToLoginPage()[pri:0, instance:loginpagetest.TestLoginPage@706a04ae]" started-at="2021-07-09T20:17:44 IST" name="goToLoginPage" finished-at="2021-07-09T20:17:46 IST" duration-ms="2533" status="PASS">
          <reporter-output>
          </reporter-output>
        </test-method> <!-- goToLoginPage -->
        <test-method signature="testLoginPage()[pri:0, instance:loginpagetest.TestLoginPage@706a04ae]" started-at="2021-07-09T20:17:46 IST" name="testLoginPage" finished-at="2021-07-09T20:17:53 IST" duration-ms="7005" status="PASS">
          <reporter-output>
          </reporter-output>
        </test-method> <!-- testLoginPage -->
        <test-method is-config="true" signature="takeScreenshotWhenFail(org.testng.ITestResult)[pri:0, instance:loginpagetest.TestLoginPage@706a04ae]" started-at="2021-07-09T20:17:53 IST" name="takeScreenshotWhenFail" finished-at="2021-07-09T20:17:53 IST" duration-ms="1" status="PASS">
          <params>
            <param index="0">
              <value>
                <![CDATA[[TestResult name=testLoginPage status=SUCCESS method=TestLoginPage.testLoginPage()[pri:0, instance:loginpagetest.TestLoginPage@706a04ae] output={null}]]]>
              </value>
            </param>
          </params>
          <reporter-output>
          </reporter-output>
        </test-method> <!-- takeScreenshotWhenFail -->
        <test-method is-config="true" signature="tearDown()[pri:0, instance:loginpagetest.TestLoginPage@706a04ae]" started-at="2021-07-09T20:17:53 IST" name="tearDown" finished-at="2021-07-09T20:17:54 IST" duration-ms="328" status="PASS">
          <reporter-output>
          </reporter-output>
        </test-method> <!-- tearDown -->
      </class> <!-- loginpagetest.TestLoginPage -->
    </test> <!-- Command line test -->
  </suite> <!-- Command line suite -->
</testng-results>
