<?xml version="1.0" encoding="UTF-8"?>
<testng-results ignored="0" total="1" passed="1" failed="0" skipped="0">
  <reporter-output>
  </reporter-output>
  <suite started-at="2021-08-01T17:35:55 IST" name="Suite" finished-at="2021-08-01T17:36:09 IST" duration-ms="14080">
    <groups>
    </groups>
    <test started-at="2021-08-01T17:35:55 IST" name="Test" finished-at="2021-08-01T17:36:09 IST" duration-ms="14080">
      <class name="loginpagetest.TestLoginPage">
        <test-method is-config="true" signature="setup()[pri:0, instance:loginpagetest.TestLoginPage@d4342c2]" started-at="2021-08-01T17:35:55 IST" name="setup" finished-at="2021-08-01T17:36:05 IST" duration-ms="10576" status="PASS">
          <reporter-output>
          </reporter-output>
        </test-method> <!-- setup -->
        <test-method is-config="true" signature="goToLoginPage()[pri:0, instance:loginpagetest.TestLoginPage@d4342c2]" started-at="2021-08-01T17:36:05 IST" name="goToLoginPage" finished-at="2021-08-01T17:36:05 IST" duration-ms="3" status="PASS">
          <reporter-output>
          </reporter-output>
        </test-method> <!-- goToLoginPage -->
        <test-method signature="testLoginPage()[pri:0, instance:loginpagetest.TestLoginPage@d4342c2]" started-at="2021-08-01T17:36:05 IST" name="testLoginPage" finished-at="2021-08-01T17:36:09 IST" duration-ms="3256" status="PASS">
          <reporter-output>
          </reporter-output>
        </test-method> <!-- testLoginPage -->
        <test-method is-config="true" signature="takeScreenshotWhenFail(org.testng.ITestResult)[pri:0, instance:loginpagetest.TestLoginPage@d4342c2]" started-at="2021-08-01T17:36:09 IST" name="takeScreenshotWhenFail" finished-at="2021-08-01T17:36:09 IST" duration-ms="3" status="PASS">
          <params>
            <param index="0">
              <value>
                <![CDATA[[TestResult name=testLoginPage status=SUCCESS method=TestLoginPage.testLoginPage()[pri:0, instance:loginpagetest.TestLoginPage@d4342c2] output={null}]]]>
              </value>
            </param>
          </params>
          <reporter-output>
          </reporter-output>
        </test-method> <!-- takeScreenshotWhenFail -->
        <test-method is-config="true" signature="tearDown()[pri:0, instance:loginpagetest.TestLoginPage@d4342c2]" started-at="2021-08-01T17:36:09 IST" name="tearDown" finished-at="2021-08-01T17:36:09 IST" duration-ms="184" status="PASS">
          <reporter-output>
          </reporter-output>
        </test-method> <!-- tearDown -->
      </class> <!-- loginpagetest.TestLoginPage -->
    </test> <!-- Test -->
  </suite> <!-- Suite -->
</testng-results>
